
      labellerSubset-bubble_colors
    console.log theSrc/test/lib/renderExamplePageTest.helper.js:22
      snapshotDirectory /home/travis/build/Displayr/rhtmlLabeledScatter/theSrc/test/snapshots/travis/VIS-513/testPlans/labellerSubset
    console.log theSrc/test/runSnapshotTests.jest.test.js:55
      {"labelCount":16,"anchorCount":16,"duration":252,"maxSweeps":500,"maxRounds":7000,"monte_carlo_rounds":7000,"pass_rate":0.425,"accept_worse_rate":0.264,"skip":0,"acc":2978,"rej":4022,"acc_worse":1446,"scenario":"labellerSubset-bubble_colors"}
    console.log theSrc/test/lib/renderExamplePageTest.helper.js:110
      taking 1 snapshot(s) for bubble_colors
    console.log theSrc/test/runSnapshotTests.jest.test.js:39
      labellerSubset-column_principal_scaled
    console.log theSrc/test/lib/renderExamplePageTest.helper.js:22
      snapshotDirectory /home/travis/build/Displayr/rhtmlLabeledScatter/theSrc/test/snapshots/travis/VIS-513/testPlans/labellerSubset
    console.log theSrc/test/runSnapshotTests.jest.test.js:55
      {"labelCount":16,"anchorCount":16,"duration":249,"maxSweeps":500,"maxRounds":8000,"monte_carlo_rounds":8000,"pass_rate":0.528,"accept_worse_rate":0.351,"skip":0,"acc":4225,"rej":3775,"acc_worse":2043,"scenario":"labellerSubset-column_principal_scaled"}
    console.log theSrc/test/lib/renderExamplePageTest.helper.js:110
      taking 1 snapshot(s) for column_principal_scaled
    console.log theSrc/test/runSnapshotTests.jest.test.js:39
      labellerSubset-correspondence_analysis1
    console.log theSrc/test/lib/renderExamplePageTest.helper.js:22
      snapshotDirectory /home/travis/build/Displayr/rhtmlLabeledScatter/theSrc/test/snapshots/travis/VIS-513/testPlans/labellerSubset
    console.log theSrc/test/runSnapshotTests.jest.test.js:55
      {"labelCount":16,"anchorCount":16,"duration":248,"maxSweeps":500,"maxRounds":7000,"monte_carlo_rounds":7000,"pass_rate":0.511,"accept_worse_rate":0.336,"skip":0,"acc":3577,"rej":3423,"acc_worse":1730,"scenario":"labellerSubset-correspondence_analysis1"}
    console.log theSrc/test/lib/renderExamplePageTest.helper.js:110
      taking 1 snapshot(s) for correspondence_analysis1
    console.log theSrc/test/runSnapshotTests.jest.test.js:39
      labellerSubset-correspondence_analysis2
    console.log theSrc/test/lib/renderExamplePageTest.helper.js:22
      snapshotDirectory /home/travis/build/Displayr/rhtmlLabeledScatter/theSrc/test/snapshots/travis/VIS-513/testPlans/labellerSubset
    console.log theSrc/test/runSnapshotTests.jest.test.js:55
      {"labelCount":14,"anchorCount":14,"duration":223,"maxSweeps":500,"maxRounds":6500,"monte_carlo_rounds":6500,"pass_rate":0.542,"accept_worse_rate":0.363,"skip":0,"acc":3526,"rej":2974,"acc_worse":1695,"scenario":"labellerSubset-correspondence_analysis2"}
    console.log theSrc/test/lib/renderExamplePageTest.helper.js:110
      taking 1 snapshot(s) for correspondence_analysis2
    console.log theSrc/test/runSnapshotTests.jest.test.js:39
      labellerSubset-correspondence_analysis3
    console.log theSrc/test/lib/renderExamplePageTest.helper.js:22
      snapshotDirectory /home/travis/build/Displayr/rhtmlLabeledScatter/theSrc/test/snapshots/travis/VIS-513/testPlans/labellerSubset
    console.log theSrc/test/runSnapshotTests.jest.test.js:55
      {"labelCount":17,"anchorCount":17,"duration":213,"maxSweeps":500,"maxRounds":6500,"monte_carlo_rounds":6500,"pass_rate":0.514,"accept_worse_rate":0.34,"skip":0,"acc":3338,"rej":3162,"acc_worse":1629,"scenario":"labellerSubset-correspondence_analysis3"}
    console.log theSrc/test/lib/renderExamplePageTest.helper.js:110
      taking 1 snapshot(s) for correspondence_analysis3
    console.log theSrc/test/runSnapshotTests.jest.test.js:39
      labellerSubset-correspondence_analysis9
    console.log theSrc/test/lib/renderExamplePageTest.helper.js:22
      snapshotDirectory /home/travis/build/Displayr/rhtmlLabeledScatter/theSrc/test/snapshots/travis/VIS-513/testPlans/labellerSubset
    console.log theSrc/test/runSnapshotTests.jest.test.js:55
      {"labelCount":16,"anchorCount":16,"duration":247,"maxSweeps":500,"maxRounds":8000,"monte_carlo_rounds":8000,"pass_rate":0.522,"accept_worse_rate":0.347,"skip":0,"acc":4173,"rej":3827,"acc_worse":2036,"scenario":"labellerSubset-correspondence_analysis9"}
    console.log theSrc/test/lib/renderExamplePageTest.helper.js:110
      taking 1 snapshot(s) for correspondence_analysis9
    console.log theSrc/test/runSnapshotTests.jest.test.js:39
      labellerSubset-correspondence_analysis7
    console.log theSrc/test/lib/renderExamplePageTest.helper.js:22
      snapshotDirectory /home/travis/build/Displayr/rhtmlLabeledScatter/theSrc/test/snapshots/travis/VIS-513/testPlans/labellerSubset
    console.log theSrc/test/runSnapshotTests.jest.test.js:55
      {"labelCount":16,"anchorCount":16,"duration":194,"maxSweeps":500,"maxRounds":5500,"monte_carlo_rounds":5500,"pass_rate":0.539,"accept_worse_rate":0.36,"skip":0,"acc":2967,"rej":2533,"acc_worse":1425,"scenario":"labellerSubset-correspondence_analysis7"}
    console.log theSrc/test/lib/renderExamplePageTest.helper.js:110
      taking 1 snapshot(s) for correspondence_analysis7
    console.log theSrc/test/runSnapshotTests.jest.test.js:39
      labellerSubset-same_titles
    console.log theSrc/test/lib/renderExamplePageTest.helper.js:22
      snapshotDirectory /home/travis/build/Displayr/rhtmlLabeledScatter/theSrc/test/snapshots/travis/VIS-513/testPlans/labellerSubset
    console.log theSrc/test/runSnapshotTests.jest.test.js:55
      {"labelCount":16,"anchorCount":16,"duration":270,"maxSweeps":500,"maxRounds":8000,"monte_carlo_rounds":8000,"pass_rate":0.482,"accept_worse_rate":0.303,"skip":0,"acc":3854,"rej":4146,"acc_worse":1802,"scenario":"labellerSubset-same_titles"}
    console.log theSrc/test/lib/renderExamplePageTest.helper.js:110
      taking 1 snapshot(s) for same_titles
    console.log theSrc/test/runSnapshotTests.jest.test.js:39
      labellerSubset-multiple_tables
    console.log theSrc/test/lib/renderExamplePageTest.helper.js:22
      snapshotDirectory /home/travis/build/Displayr/rhtmlLabeledScatter/theSrc/test/snapshots/travis/VIS-513/testPlans/labellerSubset
    console.log theSrc/test/runSnapshotTests.jest.test.js:55
      {"labelCount":23,"anchorCount":23,"duration":322,"maxSweeps":500,"maxRounds":11500,"monte_carlo_rounds":11500,"pass_rate":0.421,"accept_worse_rate":0.251,"skip":0,"acc":4839,"rej":6661,"acc_worse":2236,"scenario":"labellerSubset-multiple_tables"}
    console.log theSrc/test/lib/renderExamplePageTest.helper.js:110
      taking 1 snapshot(s) for multiple_tables
    console.log theSrc/test/runSnapshotTests.jest.test.js:39
      labellerSubset-logo
    console.log theSrc/test/lib/renderExamplePageTest.helper.js:22
      snapshotDirectory /home/travis/build/Displayr/rhtmlLabeledScatter/theSrc/test/snapshots/travis/VIS-513/testPlans/labellerSubset
    console.log theSrc/test/runSnapshotTests.jest.test.js:55
      {"labelCount":16,"anchorCount":16,"duration":233,"maxSweeps":500,"maxRounds":7500,"monte_carlo_rounds":7500,"pass_rate":0.472,"accept_worse_rate":0.311,"skip":0,"acc":3537,"rej":3963,"acc_worse":1787,"scenario":"labellerSubset-logo"}
    console.log theSrc/test/lib/renderExamplePageTest.helper.js:110
      taking 1 snapshot(s) for logo
    console.log theSrc/test/runSnapshotTests.jest.test.js:39
      labellerSubset-logo_small_ratio
    console.log theSrc/test/lib/renderExamplePageTest.helper.js:22
      snapshotDirectory /home/travis/build/Displayr/rhtmlLabeledScatter/theSrc/test/snapshots/travis/VIS-513/testPlans/labellerSubset
    console.log theSrc/test/runSnapshotTests.jest.test.js:55
      {"labelCount":16,"anchorCount":16,"duration":242,"maxSweeps":500,"maxRounds":8000,"monte_carlo_rounds":8000,"pass_rate":0.483,"accept_worse_rate":0.318,"skip":0,"acc":3860,"rej":4140,"acc_worse":1930,"scenario":"labellerSubset-logo_small_ratio"}
    console.log theSrc/test/lib/renderExamplePageTest.helper.js:110
      taking 1 snapshot(s) for logo_small_ratio
    console.log theSrc/test/runSnapshotTests.jest.test.js:39
      labellerSubset-both_mirror
    console.log theSrc/test/lib/renderExamplePageTest.helper.js:22
      snapshotDirectory /home/travis/build/Displayr/rhtmlLabeledScatter/theSrc/test/snapshots/travis/VIS-513/testPlans/labellerSubset
    console.log theSrc/test/runSnapshotTests.jest.test.js:55
      {"labelCount":16,"anchorCount":16,"duration":246,"maxSweeps":500,"maxRounds":7000,"monte_carlo_rounds":7000,"pass_rate":0.494,"accept_worse_rate":0.321,"skip":0,"acc":3461,"rej":3539,"acc_worse":1675,"scenario":"labellerSubset-both_mirror"}
    console.log theSrc/test/lib/renderExamplePageTest.helper.js:110
      taking 1 snapshot(s) for both_mirror
    console.log theSrc/test/runSnapshotTests.jest.test.js:39
      labellerSubset-d1_mirror
    console.log theSrc/test/lib/renderExamplePageTest.helper.js:22
      snapshotDirectory /home/travis/build/Displayr/rhtmlLabeledScatter/theSrc/test/snapshots/travis/VIS-513/testPlans/labellerSubset
    console.log theSrc/test/runSnapshotTests.jest.test.js:55
      {"labelCount":16,"anchorCount":16,"duration":211,"maxSweeps":500,"maxRounds":7000,"monte_carlo_rounds":7000,"pass_rate":0.512,"accept_worse_rate":0.337,"skip":0,"acc":3584,"rej":3416,"acc_worse":1736,"scenario":"labellerSubset-d1_mirror"}
    console.log theSrc/test/lib/renderExamplePageTest.helper.js:110
      taking 1 snapshot(s) for d1_mirror
    console.log theSrc/test/runSnapshotTests.jest.test.js:39
      labellerSubset-d2_mirror
    console.log theSrc/test/lib/renderExamplePageTest.helper.js:22
      snapshotDirectory /home/travis/build/Displayr/rhtmlLabeledScatter/theSrc/test/snapshots/travis/VIS-513/testPlans/labellerSubset
    console.log theSrc/test/runSnapshotTests.jest.test.js:55
      {"labelCount":16,"anchorCount":16,"duration":209,"maxSweeps":500,"maxRounds":8000,"monte_carlo_rounds":8000,"pass_rate":0.482,"accept_worse_rate":0.309,"skip":0,"acc":3854,"rej":4146,"acc_worse":1854,"scenario":"labellerSubset-d2_mirror"}
    console.log theSrc/test/lib/renderExamplePageTest.helper.js:110
      taking 1 snapshot(s) for d2_mirror
    console.log theSrc/test/runSnapshotTests.jest.test.js:39
      labellerSubset-multiple_table
    console.log theSrc/test/lib/renderExamplePageTest.helper.js:22
      snapshotDirectory /home/travis/build/Displayr/rhtmlLabeledScatter/theSrc/test/snapshots/travis/VIS-513/testPlans/labellerSubset
    console.log theSrc/test/runSnapshotTests.jest.test.js:39
      labellerSubset-multiple_table_named
    console.log theSrc/test/lib/renderExamplePageTest.helper.js:22
      snapshotDirectory /home/travis/build/Displayr/rhtmlLabeledScatter/theSrc/test/snapshots/travis/VIS-513/testPlans/labellerSubset
    console.log theSrc/test/runSnapshotTests.jest.test.js:55
      {"labelCount":15,"anchorCount":15,"duration":191,"maxSweeps":500,"maxRounds":6000,"monte_carlo_rounds":6000,"pass_rate":0.375,"accept_worse_rate":0.208,"skip":0,"acc":2251,"rej":3749,"acc_worse":985,"scenario":"labellerSubset-multiple_table_named"}
    console.log theSrc/test/lib/renderExamplePageTest.helper.js:110
      taking 1 snapshot(s) for multiple_table_named
    console.log theSrc/test/runSnapshotTests.jest.test.js:39
      labellerSubset-multiple_table_reprint
    console.log theSrc/test/lib/renderExamplePageTest.helper.js:22
      snapshotDirectory /home/travis/build/Displayr/rhtmlLabeledScatter/theSrc/test/snapshots/travis/VIS-513/testPlans/labellerSubset
    console.log theSrc/test/runSnapshotTests.jest.test.js:55
      {"labelCount":23,"anchorCount":23,"duration":305,"maxSweeps":500,"maxRounds":10500,"monte_carlo_rounds":10500,"pass_rate":0.517,"accept_worse_rate":0.339,"skip":0,"acc":5424,"rej":5076,"acc_worse":2598,"scenario":"labellerSubset-multiple_table_reprint"}
    console.log theSrc/test/lib/renderExamplePageTest.helper.js:110
      taking 1 snapshot(s) for multiple_table_reprint
    console.log theSrc/test/runSnapshotTests.jest.test.js:39
      labellerSubset-multiple_table_transpose
    console.log theSrc/test/lib/renderExamplePageTest.helper.js:22
      snapshotDirectory /home/travis/build/Displayr/rhtmlLabeledScatter/theSrc/test/snapshots/travis/VIS-513/testPlans/labellerSubset
    console.log theSrc/test/runSnapshotTests.jest.test.js:55
      {"labelCount":23,"anchorCount":23,"duration":271,"maxSweeps":500,"maxRounds":10000,"monte_carlo_rounds":10000,"pass_rate":0.335,"accept_worse_rate":0.19,"skip":0,"acc":3348,"rej":6652,"acc_worse":1562,"scenario":"labellerSubset-multiple_table_transpose"}
    console.log theSrc/test/lib/renderExamplePageTest.helper.js:110
      taking 1 snapshot(s) for multiple_table_transpose
    console.log theSrc/test/runSnapshotTests.jest.test.js:39
      labellerSubset-no_titles
    console.log theSrc/test/lib/renderExamplePageTest.helper.js:22
      snapshotDirectory /home/travis/build/Displayr/rhtmlLabeledScatter/theSrc/test/snapshots/travis/VIS-513/testPlans/labellerSubset
    console.log theSrc/test/runSnapshotTests.jest.test.js:55
      {"labelCount":16,"anchorCount":16,"duration":270,"maxSweeps":500,"maxRounds":8000,"monte_carlo_rounds":8000,"pass_rate":0.506,"accept_worse_rate":0.325,"skip":0,"acc":4052,"rej":3948,"acc_worse":1902,"scenario":"labellerSubset-no_titles"}
    console.log theSrc/test/lib/renderExamplePageTest.helper.js:110
      taking 1 snapshot(s) for no_titles
    console.log theSrc/test/runSnapshotTests.jest.test.js:39
      labellerSubset-plot_filtered
    console.log theSrc/test/lib/renderExamplePageTest.helper.js:22
      snapshotDirectory /home/travis/build/Displayr/rhtmlLabeledScatter/theSrc/test/snapshots/travis/VIS-513/testPlans/labellerSubset
    console.log theSrc/test/runSnapshotTests.jest.test.js:55
      {"labelCount":20,"anchorCount":24,"duration":255,"maxSweeps":500,"maxRounds":8500,"monte_carlo_rounds":8500,"pass_rate":0.407,"accept_worse_rate":0.242,"skip":0,"acc":3457,"rej":5043,"acc_worse":1613,"scenario":"labellerSubset-plot_filtered"}
    console.log theSrc/test/lib/renderExamplePageTest.helper.js:110
      taking 1 snapshot(s) for plot_filtered
    console.log theSrc/test/runSnapshotTests.jest.test.js:39
      labellerSubset-plot_labelnames
    console.log theSrc/test/lib/renderExamplePageTest.helper.js:22
      snapshotDirectory /home/travis/build/Displayr/rhtmlLabeledScatter/theSrc/test/snapshots/travis/VIS-513/testPlans/labellerSubset
    console.log theSrc/test/runSnapshotTests.jest.test.js:55
      {"labelCount":13,"anchorCount":13,"duration":199,"maxSweeps":500,"maxRounds":5500,"monte_carlo_rounds":5500,"pass_rate":0.406,"accept_worse_rate":0.246,"skip":0,"acc":2234,"rej":3266,"acc_worse":1068,"scenario":"labellerSubset-plot_labelnames"}
    console.log theSrc/test/lib/renderExamplePageTest.helper.js:110
      taking 1 snapshot(s) for plot_labelnames
    console.log theSrc/test/runSnapshotTests.jest.test.js:39
      labellerSubset-plot_variablenames
    console.log theSrc/test/lib/renderExamplePageTest.helper.js:22
      snapshotDirectory /home/travis/build/Displayr/rhtmlLabeledScatter/theSrc/test/snapshots/travis/VIS-513/testPlans/labellerSubset
    console.log theSrc/test/runSnapshotTests.jest.test.js:55
      {"labelCount":13,"anchorCount":13,"duration":248,"maxSweeps":500,"maxRounds":5500,"monte_carlo_rounds":5500,"pass_rate":0.332,"accept_worse_rate":0.185,"skip":0,"acc":1828,"rej":3672,"acc_worse":831,"scenario":"labellerSubset-plot_variablenames"}
    console.log theSrc/test/lib/renderExamplePageTest.helper.js:110
      taking 1 snapshot(s) for plot_variablenames
    console.log theSrc/test/runSnapshotTests.jest.test.js:39
      labellerSubset-bubbleplot_colas
    console.log theSrc/test/lib/renderExamplePageTest.helper.js:22
      snapshotDirectory /home/travis/build/Displayr/rhtmlLabeledScatter/theSrc/test/snapshots/travis/VIS-513/testPlans/labellerSubset
    console.log theSrc/test/runSnapshotTests.jest.test.js:55
      {"labelCount":27,"anchorCount":27,"duration":238,"maxSweeps":500,"maxRounds":8000,"monte_carlo_rounds":8000,"pass_rate":0.469,"accept_worse_rate":0.296,"skip":0,"acc":3748,"rej":4252,"acc_worse":1792,"scenario":"labellerSubset-bubbleplot_colas"}
    console.log theSrc/test/lib/renderExamplePageTest.helper.js:110
      taking 1 snapshot(s) for bubbleplot_colas
    console.log theSrc/test/runSnapshotTests.jest.test.js:39
      labellerSubset-bubbleplot_colas_characteristics
    console.log theSrc/test/lib/renderExamplePageTest.helper.js:22
      snapshotDirectory /home/travis/build/Displayr/rhtmlLabeledScatter/theSrc/test/snapshots/travis/VIS-513/testPlans/labellerSubset
    console.log theSrc/test/runSnapshotTests.jest.test.js:55
      {"labelCount":40,"anchorCount":40,"duration":513,"maxSweeps":500,"maxRounds":17500,"monte_carlo_rounds":17500,"pass_rate":0.425,"accept_worse_rate":0.26,"skip":0,"acc":7441,"rej":10059,"acc_worse":3535,"scenario":"labellerSubset-bubbleplot_colas_characteristics"}
    console.log theSrc/test/lib/renderExamplePageTest.helper.js:110
      taking 1 snapshot(s) for bubbleplot_colas_characteristics
    console.log theSrc/test/runSnapshotTests.jest.test.js:39
      labellerSubset-bubbleplot_legend1
    console.log theSrc/test/lib/renderExamplePageTest.helper.js:22
      snapshotDirectory /home/travis/build/Displayr/rhtmlLabeledScatter/theSrc/test/snapshots/travis/VIS-513/testPlans/labellerSubset
    console.log theSrc/test/runSnapshotTests.jest.test.js:55
      {"labelCount":14,"anchorCount":14,"duration":192,"maxSweeps":500,"maxRounds":5000,"monte_carlo_rounds":5000,"pass_rate":0.56,"accept_worse_rate":0.378,"skip":0,"acc":2801,"rej":2199,"acc_worse":1338,"scenario":"labellerSubset-bubbleplot_legend1"}
    console.log theSrc/test/lib/renderExamplePageTest.helper.js:110
      taking 1 snapshot(s) for bubbleplot_legend1
    console.log theSrc/test/runSnapshotTests.jest.test.js:39
      labellerSubset-bubbleplot_overlap
    console.log theSrc/test/lib/renderExamplePageTest.helper.js:22
      snapshotDirectory /home/travis/build/Displayr/rhtmlLabeledScatter/theSrc/test/snapshots/travis/VIS-513/testPlans/labellerSubset
    console.log theSrc/test/runSnapshotTests.jest.test.js:55
      {"labelCount":50,"anchorCount":800,"duration":1602,"maxSweeps":500,"maxRounds":25000,"monte_carlo_rounds":25000,"pass_rate":0.177,"accept_worse_rate":0.045,"skip":0,"acc":4415,"rej":20585,"acc_worse":969,"scenario":"labellerSubset-bubbleplot_overlap"}
    console.log theSrc/test/lib/renderExamplePageTest.helper.js:110
      taking 1 snapshot(s) for bubbleplot_overlap
    console.log theSrc/test/runSnapshotTests.jest.test.js:39
      labellerSubset-distance_entered
    console.log theSrc/test/lib/renderExamplePageTest.helper.js:22
      snapshotDirectory /home/travis/build/Displayr/rhtmlLabeledScatter/theSrc/test/snapshots/travis/VIS-513/testPlans/labellerSubset
    console.log theSrc/test/runSnapshotTests.jest.test.js:55
      {"labelCount":15,"anchorCount":15,"duration":220,"maxSweeps":500,"maxRounds":7000,"monte_carlo_rounds":7000,"pass_rate":0.498,"accept_worse_rate":0.326,"skip":0,"acc":3488,"rej":3512,"acc_worse":1695,"scenario":"labellerSubset-distance_entered"}
    console.log theSrc/test/lib/renderExamplePageTest.helper.js:110
      taking 1 snapshot(s) for distance_entered
    console.log theSrc/test/runSnapshotTests.jest.test.js:39
      labellerSubset-mds_metric
    console.log theSrc/test/lib/renderExamplePageTest.helper.js:22
      snapshotDirectory /home/travis/build/Displayr/rhtmlLabeledScatter/theSrc/test/snapshots/travis/VIS-513/testPlans/labellerSubset
    console.log theSrc/test/runSnapshotTests.jest.test.js:55
      {"labelCount":24,"anchorCount":24,"duration":328,"maxSweeps":500,"maxRounds":10500,"monte_carlo_rounds":10500,"pass_rate":0.289,"accept_worse_rate":0.162,"skip":0,"acc":3038,"rej":7462,"acc_worse":1446,"scenario":"labellerSubset-mds_metric"}
    console.log theSrc/test/lib/renderExamplePageTest.helper.js:110
      taking 1 snapshot(s) for mds_metric
    console.log theSrc/test/runSnapshotTests.jest.test.js:39
      labellerSubset-pca
    console.log theSrc/test/lib/renderExamplePageTest.helper.js:22
      snapshotDirectory /home/travis/build/Displayr/rhtmlLabeledScatter/theSrc/test/snapshots/travis/VIS-513/testPlans/labellerSubset
    console.log theSrc/test/runSnapshotTests.jest.test.js:55
      {"labelCount":31,"anchorCount":31,"duration":395,"maxSweeps":500,"maxRounds":14000,"monte_carlo_rounds":14000,"pass_rate":0.291,"accept_worse_rate":0.159,"skip":0,"acc":4074,"rej":9926,"acc_worse":1872,"scenario":"labellerSubset-pca"}
    console.log theSrc/test/lib/renderExamplePageTest.helper.js:110
      taking 1 snapshot(s) for pca
    console.log theSrc/test/runSnapshotTests.jest.test.js:39
      labellerSubset-small_opaque_points
    console.log theSrc/test/lib/renderExamplePageTest.helper.js:22
      snapshotDirectory /home/travis/build/Displayr/rhtmlLabeledScatter/theSrc/test/snapshots/travis/VIS-513/testPlans/labellerSubset
    console.log theSrc/test/runSnapshotTests.jest.test.js:55
      {"labelCount":80,"anchorCount":135,"duration":797,"maxSweeps":500,"maxRounds":39000,"monte_carlo_rounds":39000,"pass_rate":0.493,"accept_worse_rate":0.326,"skip":0,"acc":19245,"rej":19755,"acc_worse":9546,"scenario":"labellerSubset-small_opaque_points"}
    console.log theSrc/test/lib/renderExamplePageTest.helper.js:110
      taking 1 snapshot(s) for small_opaque_points
    console.log theSrc/test/runSnapshotTests.jest.test.js:39
      labellerSubset-tsne_perplexity_7
    console.log theSrc/test/lib/renderExamplePageTest.helper.js:22
      snapshotDirectory /home/travis/build/Displayr/rhtmlLabeledScatter/theSrc/test/snapshots/travis/VIS-513/testPlans/labellerSubset
    console.log theSrc/test/runSnapshotTests.jest.test.js:55
      {"labelCount":41,"anchorCount":41,"duration":339,"maxSweeps":500,"maxRounds":16500,"monte_carlo_rounds":16500,"pass_rate":0.524,"accept_worse_rate":0.351,"skip":0,"acc":8642,"rej":7858,"acc_worse":4247,"scenario":"labellerSubset-tsne_perplexity_7"}
    console.log theSrc/test/lib/renderExamplePageTest.helper.js:110
      taking 1 snapshot(s) for tsne_perplexity_7
    console.log theSrc/test/runSnapshotTests.jest.test.js:39
      labellerSubset-bubblechart
    console.log theSrc/test/lib/renderExamplePageTest.helper.js:22
      snapshotDirectory /home/travis/build/Displayr/rhtmlLabeledScatter/theSrc/test/snapshots/travis/VIS-513/testPlans/labellerSubset
    console.log theSrc/test/runSnapshotTests.jest.test.js:55
      {"labelCount":9,"anchorCount":9,"duration":58,"maxSweeps":500,"maxRounds":1000,"monte_carlo_rounds":1000,"pass_rate":0.383,"accept_worse_rate":0.23,"skip":0,"acc":383,"rej":617,"acc_worse":184,"scenario":"labellerSubset-bubblechart"}
    console.log theSrc/test/lib/renderExamplePageTest.helper.js:110
      taking 1 snapshot(s) for bubblechart
    console.log theSrc/test/runSnapshotTests.jest.test.js:39
      labellerSubset-vardata_data_categoric_axis_labeled
    console.log theSrc/test/lib/renderExamplePageTest.helper.js:22
      snapshotDirectory /home/travis/build/Displayr/rhtmlLabeledScatter/theSrc/test/snapshots/travis/VIS-513/testPlans/labellerSubset
    console.log theSrc/test/runSnapshotTests.jest.test.js:55
      {"labelCount":13,"anchorCount":13,"duration":113,"maxSweeps":500,"maxRounds":2000,"monte_carlo_rounds":2000,"pass_rate":0.502,"accept_worse_rate":0.33,"skip":0,"acc":1004,"rej":996,"acc_worse":490,"scenario":"labellerSubset-vardata_data_categoric_axis_labeled"}
    console.log theSrc/test/lib/renderExamplePageTest.helper.js:110
      taking 1 snapshot(s) for vardata_data_categoric_axis_labeled
    console.log theSrc/test/runSnapshotTests.jest.test.js:39
      labellerSubset-vardata_size_and_color_categoric_labeled
    console.log theSrc/test/lib/renderExamplePageTest.helper.js:22
      snapshotDirectory /home/travis/build/Displayr/rhtmlLabeledScatter/theSrc/test/snapshots/travis/VIS-513/testPlans/labellerSubset
    console.log theSrc/test/runSnapshotTests.jest.test.js:55
      {"labelCount":50,"anchorCount":800,"duration":1276,"maxSweeps":500,"maxRounds":25000,"monte_carlo_rounds":25000,"pass_rate":0.173,"accept_worse_rate":0.052,"skip":0,"acc":4324,"rej":20676,"acc_worse":1123,"scenario":"labellerSubset-vardata_size_and_color_categoric_labeled"}
    console.log theSrc/test/lib/renderExamplePageTest.helper.js:110
      taking 1 snapshot(s) for vardata_size_and_color_categoric_labeled
    console.log theSrc/test/runSnapshotTests.jest.test.js:39
      labellerSubset-vardata_size_numeric_labeled_filtered
    console.log theSrc/test/lib/renderExamplePageTest.helper.js:22
      snapshotDirectory /home/travis/build/Displayr/rhtmlLabeledScatter/theSrc/test/snapshots/travis/VIS-513/testPlans/labellerSubset
    console.log theSrc/test/runSnapshotTests.jest.test.js:55
      {"labelCount":13,"anchorCount":13,"duration":163,"maxSweeps":500,"maxRounds":3500,"monte_carlo_rounds":3500,"pass_rate":0.29,"accept_worse_rate":0.16,"skip":0,"acc":1015,"rej":2485,"acc_worse":474,"scenario":"labellerSubset-vardata_size_numeric_labeled_filtered"}
    console.log theSrc/test/lib/renderExamplePageTest.helper.js:110
      taking 1 snapshot(s) for vardata_size_numeric_labeled_filtered
    console.log theSrc/test/runSnapshotTests.jest.test.js:39
      labellerSubset-equamax_plot
    console.log theSrc/test/lib/renderExamplePageTest.helper.js:22
      snapshotDirectory /home/travis/build/Displayr/rhtmlLabeledScatter/theSrc/test/snapshots/travis/VIS-513/testPlans/labellerSubset
    console.log theSrc/test/runSnapshotTests.jest.test.js:55
      {"labelCount":24,"anchorCount":24,"duration":370,"maxSweeps":500,"maxRounds":11500,"monte_carlo_rounds":11500,"pass_rate":0.284,"accept_worse_rate":0.151,"skip":0,"acc":3267,"rej":8233,"acc_worse":1469,"scenario":"labellerSubset-equamax_plot"}
    console.log theSrc/test/lib/renderExamplePageTest.helper.js:110
      taking 1 snapshot(s) for equamax_plot
    console.log theSrc/test/runSnapshotTests.jest.test.js:39
      labellerSubset-equamax_reprint
    console.log theSrc/test/lib/renderExamplePageTest.helper.js:22
      snapshotDirectory /home/travis/build/Displayr/rhtmlLabeledScatter/theSrc/test/snapshots/travis/VIS-513/testPlans/labellerSubset
    console.log theSrc/test/runSnapshotTests.jest.test.js:55
      {"labelCount":24,"anchorCount":24,"duration":386,"maxSweeps":500,"maxRounds":10500,"monte_carlo_rounds":10500,"pass_rate":0.328,"accept_worse_rate":0.179,"skip":0,"acc":3443,"rej":7057,"acc_worse":1541,"scenario":"labellerSubset-equamax_reprint"}
    console.log theSrc/test/lib/renderExamplePageTest.helper.js:110
      taking 1 snapshot(s) for equamax_reprint
    console.log theSrc/test/runSnapshotTests.jest.test.js:39
      labellerSubset-promax_reprint
    console.log theSrc/test/lib/renderExamplePageTest.helper.js:22
      snapshotDirectory /home/travis/build/Displayr/rhtmlLabeledScatter/theSrc/test/snapshots/travis/VIS-513/testPlans/labellerSubset
    console.log theSrc/test/runSnapshotTests.jest.test.js:55
      {"labelCount":8,"anchorCount":8,"duration":56,"maxSweeps":500,"maxRounds":1000,"monte_carlo_rounds":1000,"pass_rate":0.632,"accept_worse_rate":0.456,"skip":0,"acc":632,"rej":368,"acc_worse":309,"scenario":"labellerSubset-promax_reprint"}
    console.log theSrc/test/lib/renderExamplePageTest.helper.js:110
      taking 1 snapshot(s) for promax_reprint
    console.log theSrc/test/runSnapshotTests.jest.test.js:39
      labellerSubset-ignore_rows
    console.log theSrc/test/lib/renderExamplePageTest.helper.js:22
      snapshotDirectory /home/travis/build/Displayr/rhtmlLabeledScatter/theSrc/test/snapshots/travis/VIS-513/testPlans/labellerSubset
    console.log theSrc/test/runSnapshotTests.jest.test.js:55
      {"labelCount":26,"anchorCount":26,"duration":381,"maxSweeps":500,"maxRounds":11500,"monte_carlo_rounds":11500,"pass_rate":0.456,"accept_worse_rate":0.289,"skip":0,"acc":5241,"rej":6259,"acc_worse":2541,"scenario":"labellerSubset-ignore_rows"}
    console.log theSrc/test/lib/renderExamplePageTest.helper.js:110
      taking 1 snapshot(s) for ignore_rows
    console.log theSrc/test/runSnapshotTests.jest.test.js:39
      labellerSubset-scatterplot_mass_points
    console.log theSrc/test/lib/renderExamplePageTest.helper.js:22
      snapshotDirectory /home/travis/build/Displayr/rhtmlLabeledScatter/theSrc/test/snapshots/travis/VIS-513/testPlans/labellerSubset
    console.log theSrc/test/lib/renderExamplePageTest.helper.js:110
      taking 1 snapshot(s) for scatterplot_mass_points
    console.log theSrc/test/runSnapshotTests.jest.test.js:39
      labellerSubset-scatterplot_categorical_bubble
    console.log theSrc/test/lib/renderExamplePageTest.helper.js:22
      snapshotDirectory /home/travis/build/Displayr/rhtmlLabeledScatter/theSrc/test/snapshots/travis/VIS-513/testPlans/labellerSubset
    console.log theSrc/test/runSnapshotTests.jest.test.js:55
      {"labelCount":20,"anchorCount":20,"duration":212,"maxSweeps":500,"maxRounds":6500,"monte_carlo_rounds":6500,"pass_rate":0.448,"accept_worse_rate":0.283,"skip":0,"acc":2915,"rej":3585,"acc_worse":1413,"scenario":"labellerSubset-scatterplot_categorical_bubble"}
    console.log theSrc/test/lib/renderExamplePageTest.helper.js:110
      taking 1 snapshot(s) for scatterplot_categorical_bubble
    console.log theSrc/test/runSnapshotTests.jest.test.js:39
      labellerSubset-scatterplot_logos2
    console.log theSrc/test/lib/renderExamplePageTest.helper.js:22
      snapshotDirectory /home/travis/build/Displayr/rhtmlLabeledScatter/theSrc/test/snapshots/travis/VIS-513/testPlans/labellerSubset
    console.log theSrc/test/runSnapshotTests.jest.test.js:55
      {"labelCount":15,"anchorCount":15,"duration":239,"maxSweeps":500,"maxRounds":6500,"monte_carlo_rounds":6500,"pass_rate":0.396,"accept_worse_rate":0.225,"skip":0,"acc":2571,"rej":3929,"acc_worse":1142,"scenario":"labellerSubset-scatterplot_logos2"}
    console.log theSrc/test/lib/renderExamplePageTest.helper.js:110
      taking 1 snapshot(s) for scatterplot_logos2
