  Scenario: bubbleplot_colas.html
  INFO: http://localhost:9000/js/renderContentPage.js 58132:14 "{\"duration\":5942,\"sweep\":500,\"monte_carlo_rounds\":13500,\"pass_rate\":0.05}"
  INFO: http://localhost:9000/js/renderContentPage.js 58132:14 "{\"duration\":4330,\"sweep\":500,\"monte_carlo_rounds\":20000,\"pass_rate\":0.06}"
  Scenario: bubbleplot_legend.html
  INFO: http://localhost:9000/js/renderContentPage.js 58132:14 "{\"duration\":1697,\"sweep\":500,\"monte_carlo_rounds\":7000,\"pass_rate\":0.04}"
  INFO: http://localhost:9000/js/renderContentPage.js 58132:14 "{\"duration\":1108,\"sweep\":500,\"monte_carlo_rounds\":4500,\"pass_rate\":0.05}"
  Scenario: bubbleplot_life_expectancy.html
  INFO: http://localhost:9000/js/renderContentPage.js 58132:14 "{\"duration\":3820,\"sweep\":500,\"monte_carlo_rounds\":16000,\"pass_rate\":0.03}"
  INFO: http://localhost:9000/js/renderContentPage.js 58132:14 "{\"duration\":4660,\"sweep\":500,\"monte_carlo_rounds\":16000,\"pass_rate\":0.03}"
  Scenario: bubbleplot_simple.html
  INFO: http://localhost:9000/js/renderContentPage.js 58132:14 "{\"duration\":553,\"sweep\":500,\"monte_carlo_rounds\":2000,\"pass_rate\":0.02}"
  Scenario: error_test.html
  INFO: http://localhost:9000/js/renderContentPage.js 58132:14 "{\"duration\":660,\"sweep\":500,\"monte_carlo_rounds\":3000,\"pass_rate\":0.02}"
  Scenario: scatterplot_aspect_ratio.html
  INFO: http://localhost:9000/js/renderContentPage.js 58132:14 "{\"duration\":2930,\"sweep\":500,\"monte_carlo_rounds\":13500,\"pass_rate\":0.04}"
  INFO: http://localhost:9000/js/renderContentPage.js 58132:14 "{\"duration\":2806,\"sweep\":500,\"monte_carlo_rounds\":13500,\"pass_rate\":0.19}"
  INFO: http://localhost:9000/js/renderContentPage.js 58132:14 "{\"duration\":2691,\"sweep\":500,\"monte_carlo_rounds\":13500,\"pass_rate\":0.07}"
  INFO: http://localhost:9000/js/renderContentPage.js 58132:14 "{\"duration\":2767,\"sweep\":500,\"monte_carlo_rounds\":13500,\"pass_rate\":0.04}"
  Scenario: scatterplot_axis_labels.html
  INFO: http://localhost:9000/js/renderContentPage.js 58132:14 "{\"duration\":1730,\"sweep\":500,\"monte_carlo_rounds\":7500,\"pass_rate\":0.01}"
  INFO: http://localhost:9000/js/renderContentPage.js 58132:14 "{\"duration\":537,\"sweep\":500,\"monte_carlo_rounds\":2500,\"pass_rate\":0}"
  Scenario: scatterplot_busy.html
  INFO: http://localhost:9000/js/renderContentPage.js 58132:14 "{\"duration\":4590,\"sweep\":500,\"monte_carlo_rounds\":21000,\"pass_rate\":0.02}"
  Scenario: scatterplot_categorical_bubble.html
  INFO: http://localhost:9000/js/renderContentPage.js 58132:14 "{\"duration\":2192,\"sweep\":500,\"monte_carlo_rounds\":10000,\"pass_rate\":0.04}"
  Scenario: scatterplot_categorical_simple.html
  INFO: http://localhost:9000/js/renderContentPage.js 58132:14 "{\"duration\":409,\"sweep\":500,\"monte_carlo_rounds\":2000,\"pass_rate\":0}"
  Scenario: scatterplot_datetime.html
  INFO: http://localhost:9000/js/renderContentPage.js 58132:14 "{\"duration\":1029,\"sweep\":500,\"monte_carlo_rounds\":5000,\"pass_rate\":0}"
  Scenario: scatterplot_fixed_aspect_labels_off.html
  Scenario: scatterplot_inverted.html
  INFO: http://localhost:9000/js/renderContentPage.js 58132:14 "{\"duration\":1636,\"sweep\":500,\"monte_carlo_rounds\":7500,\"pass_rate\":0.02}"
  INFO: http://localhost:9000/js/renderContentPage.js 58132:14 "{\"duration\":1589,\"sweep\":500,\"monte_carlo_rounds\":7500,\"pass_rate\":0}"
  Scenario: scatterplot_logos.html
  Scenario: scatterplot_mass_points_partial_labels.html
  INFO: http://localhost:9000/js/renderContentPage.js 58132:14 "{\"duration\":2717,\"sweep\":500,\"monte_carlo_rounds\":6000,\"pass_rate\":0.03}"
  Scenario: scatterplot_mass_points.html
  Scenario: scatterplot_quads.html
  INFO: http://localhost:9000/js/renderContentPage.js 58132:14 "{\"duration\":1747,\"sweep\":500,\"monte_carlo_rounds\":7500,\"pass_rate\":0}"
  INFO: http://localhost:9000/js/renderContentPage.js 58132:14 "{\"duration\":1448,\"sweep\":500,\"monte_carlo_rounds\":7500,\"pass_rate\":0}"
  INFO: http://localhost:9000/js/renderContentPage.js 58132:14 "{\"duration\":1586,\"sweep\":500,\"monte_carlo_rounds\":7500,\"pass_rate\":0}"
  INFO: http://localhost:9000/js/renderContentPage.js 58132:14 "{\"duration\":1783,\"sweep\":500,\"monte_carlo_rounds\":7500,\"pass_rate\":0}"
  Scenario: scatterplot_simple.html
  INFO: http://localhost:9000/js/renderContentPage.js 58132:14 "{\"duration\":713,\"sweep\":500,\"monte_carlo_rounds\":3000,\"pass_rate\":0.01}"
  Scenario: trendline_plot.html
  INFO: http://localhost:9000/js/renderContentPage.js 58132:14 "{\"duration\":677,\"sweep\":500,\"monte_carlo_rounds\":3000,\"pass_rate\":0.03}"
  INFO: http://localhost:9000/js/renderContentPage.js 58132:14 "{\"duration\":1541,\"sweep\":500,\"monte_carlo_rounds\":8000,\"pass_rate\":0.04}"
  INFO: http://localhost:9000/js/renderContentPage.js 58132:14 "{\"duration\":285,\"sweep\":500,\"monte_carlo_rounds\":1500,\"pass_rate\":0.03}"
  Scenario: VIS-513.html
  Scenario: Rerender Test
